Mode    : Phaser
Options : --input-vcf Desktop/Genomics_HW2/practical_data/population_genotype/population.vcf --input-ref Desktop/Genomics_HW2/practical_data/reference_panel/ref.chr1.hap Desktop/Genomics_HW2/practical_data/reference_panel/ref.chr1.legend Desktop/Genomics_HW2/practical_data/reference_panel/ref.chr1.samples -O Desktop/Genomics_HW2/answer/shapeit_phased
Version : v2.r904
Date    : 20/12/2022 16:03:43

MODE -phase : PHASING GENOTYPE DATA
  * Autosome (chr1 ... chr22)
  * Window-based model (SHAPEIT v2)
  * Reference panel of haplotypes used
  * MCMC iteration

Parameters :
  * Seed : 1671539623
  * Parallelisation: 1 threads
  * Ref allele is NOT aligned on the reference genome
  * MCMC: 35 iterations [7 B + 1 runs of 8 P + 20 M]
  * Model: 100 states per window [100 H + 0 PM + 0 R + 0 COV ] / Windows of ~2.0 Mb / rho = 0.00040

Reading unphased data in [Desktop/Genomics_HW2/practical_data/population_genotype/population.vcf]
  * 810 samples included
  * 810 unrelateds / 0 duos / 0 trios in 810 different families
  * 200 SNPs included

Reading sample list [Desktop/Genomics_HW2/practical_data/reference_panel/ref.chr1.samples]
  * Column gender detected (idx=3)
  * 800 reference haplotypes included
  * 0 males / 400 females

Reading SNPs in [Desktop/Genomics_HW2/practical_data/reference_panel/ref.chr1.legend]
  * 200 reference panel sites included

Reading reference haplotypes in [Desktop/Genomics_HW2/practical_data/reference_panel/ref.chr1.hap]

Checking missingness and MAF...

Building graphs ... 

  * 810 graphs / 19663 segments / ~8 SNPs per segment / 597212 transitions
  * 0 haploids / 810 unrelateds / 0 duos / 0 trios
  * 1620 founder haplotypes
  * 800 reference haplotypes

Sampling haplotypes


Burn-in iteration [1/7]

Burn-in iteration [2/7]

Burn-in iteration [3/7]

Burn-in iteration [4/7]

Burn-in iteration [5/7]

Burn-in iteration [6/7]

Burn-in iteration [7/7]

Pruning iteration [1/8]

Pruning iteration [2/8]

Pruning iteration [3/8]

Pruning iteration [4/8]

Pruning iteration [5/8]

Pruning iteration [6/8]

Pruning iteration [7/8]

Pruning iteration [8/8]

Pruning graphs

  * 810 graphs / 19658 segments / ~8 SNPs per segment / 595410 transitions
  * 0 haploids / 810 unrelateds / 0 duos / 0 trios
  * 1620 founder haplotypes
  * 800 reference haplotypes

Main iteration [1/20]

Main iteration [2/20]

Main iteration [3/20]

Main iteration [4/20]

Main iteration [5/20]

Main iteration [6/20]

Main iteration [7/20]

Main iteration [8/20]

Main iteration [9/20]

Main iteration [10/20]

Main iteration [11/20]

Main iteration [12/20]

Main iteration [13/20]

Main iteration [14/20]

Main iteration [15/20]

Main iteration [16/20]

Main iteration [17/20]

Main iteration [18/20]

Main iteration [19/20]

Main iteration [20/20]

Normalising graphs


Solving haplotypes


Writing sample list in [Desktop/Genomics_HW2/answer/shapeit_phased.sample]

Writing site list and haplotypes in [Desktop/Genomics_HW2/answer/shapeit_phased.haps]

Running time: 241 seconds
